
ROM used:   444/32768 (1%)
            448/32768 (1%) including unused fragments

            0.5 Average locations per line
            11.1 Average locations per statement

RAM used:   8/2048 (0%) at main() level
            9/2048 (0%) worst case

Stack used: 1 worst case (1 in main + 0 for interrupts)
Stack size: 31

Lines Stmts  %   Files
----- ----- ---  -----
   90    40 100  Motor DC + Driver L298N.c
  877     0   0  ..\..\..\..\..\..\..\..\Program Files (x86)\PICC\Devices\18F4550.h
----- -----
  967    40 Total

Page ROM  %  RAM    Vol Diff  Functions:
---- --- --- ---    --- ----  ----------
0     40   5    1             @delay_ms1
0    400  45    1   1222  6.4  main
 Inline         0             @cinit1

Program metrics:
    Functions               1
    Statements              40
    Comments                201
    Volume (V)              1228
    Difficulty (D)          6.2
    Effort to implement (E) 7622
    Time to implement (T)   7 minutes
    Est Delivered Bugs (B)  0
    Cyclomatic Complexity   1
    Maintainability (MI)    75

 Segment     Used  Free
-----------  ----  ----
00000-01FFE     0  8192  
02000-02006     4  4  
02008-07FFE   440  24128  



