
ROM used:   482/32768 (1%)
            486/32768 (1%) including unused fragments

            0.4 Average locations per line
            12.1 Average locations per statement

RAM used:   8/2048 (0%) at main() level
            9/2048 (0%) worst case

Stack used: 1 worst case (1 in main + 0 for interrupts)
Stack size: 31

Lines Stmts  %   Files
----- ----- ---  -----
   90    40 100  Motor DC + Driver L298N.c
  988     0   0  ..\..\..\..\..\..\..\..\Program Files (x86)\PICC\Devices\18F45K50.h
----- -----
 1078    40 Total

Page ROM  %  RAM    Vol Diff  Functions:
---- --- --- ---    --- ----  ----------
0     40   4    1             @delay_ms1
0    438  45    1   1222  6.4  main
 Inline         0             @cinit1

Program metrics:
    Functions               1
    Statements              40
    Comments                212
    Volume (V)              1228
    Difficulty (D)          6.2
    Effort to implement (E) 7622
    Time to implement (T)   7 minutes
    Est Delivered Bugs (B)  0
    Cyclomatic Complexity   1
    Maintainability (MI)    47

 Segment     Used  Free
-----------  ----  ----
00000-01FFE     0  8192  
02000-02006     4  4  
02008-07FFE   478  24090  



