CCS PCH C Compiler, Version 5.105Pd, 1               27-sep.-21 11:51
Compiler operating in Evaluation Mode
To obtain a fully enabled compiler visit www.ccsinfo.com/products

               Filename:   C:\Users\grego\OneDrive\Desktop\CSS_Practicas_OK\Práctica-4-Contador-binario\Práctica 4 - Contador binario\Proyecto\PIC18F45K50\Contador binario.lst

               ROM used:   124 bytes (0%)
                           Largest free fragment is 24448
               RAM used:   5 (0%) at main() level
                           6 (0%) worst case
               Stack used: 0 locations
               Stack size: 31

*
2000:  GOTO   2030
.................... /************************************************************************************************
.................... Company:
.................... Microside Technology Inc.
.................... 
.................... File Name:
.................... Blink_LED.mcppi
.................... 
.................... Product Revision  :  1
.................... Device            :  X-TRAINER
.................... Driver Version    :  1.0
.................... ************************************************************************************************/
.................... 
.................... /*
.................... ------------------------------------------------------------------------------------------
....................  Implementar un contador binario que incrementará cada vez que se presione un botón,
....................  este será configurado como entrada digital. Para visualizar el conteo se utilizan 8 LEDs.
.................... ------------------------------------------------------------------------------------------
.................... */
.................... 
.................... #include <18F45K50.h>                                   //Incluye el microcontrolador con el que se va a trabajar 
.................... //////////// Standard Header file for the PIC18F45K50 device ////////////////
.................... ///////////////////////////////////////////////////////////////////////////
.................... ////        (C) Copyright 1996, 2020 Custom Computer Services          ////
.................... //// This source code may only be used by licensed users of the CCS C  ////
.................... //// compiler.  This source code may only be distributed to other      ////
.................... //// licensed users of the CCS C compiler.  No other use, reproduction ////
.................... //// or distribution is permitted without written permission.          ////
.................... //// Derivative programs created using this software in object code    ////
.................... //// form are not restricted in any way.                               ////
.................... ///////////////////////////////////////////////////////////////////////////
.................... #device PIC18F45K50
.................... 
.................... #list
.................... 
.................... #use delay(internal=48MHz)                              //Tipo de oscilador y frecuencia dependiendo del microcontrolador 
*
2008:  CLRF   FEA
200A:  MOVLW  05
200C:  MOVWF  FE9
200E:  MOVF   FEF,W
2010:  BZ    202E
2012:  MOVLW  0F
2014:  MOVWF  01
2016:  CLRF   00
2018:  DECFSZ 00,F
201A:  BRA    2018
201C:  DECFSZ 01,F
201E:  BRA    2016
2020:  MOVLW  8F
2022:  MOVWF  00
2024:  DECFSZ 00,F
2026:  BRA    2024
2028:  NOP   
202A:  DECFSZ FEF,F
202C:  BRA    2012
202E:  RETURN 0
.................... #build(reset=0x02000,interrupt=0x02008)                 //Asigna los vectores de reset e interrupción para la versión con bootloader
.................... #org 0x0000,0x1FFF {}                                   //Reserva espacio en memoria para el bootloader
.................... #define Boton PIN_A2                                    //Asigna el pin A2 al boton BOOT del X-TRAINER
.................... 
.................... byte cont =0; 
.................... 
.................... void main(void)
2030:  CLRF   FF8
2032:  BCF    FD0.7
2034:  MOVLW  70
2036:  MOVWF  FD3
2038:  CLRF   FD2
203A:  CLRF   F9B
203C:  CLRF   04
203E:  MOVLB  F
2040:  CLRF   x5B
2042:  CLRF   x5C
2044:  CLRF   x5D
2046:  CLRF   x5E
2048:  CLRF   x5F
204A:  CLRF   F9A
204C:  CLRF   F99
204E:  CLRF   F98
.................... {  
....................    set_tris_b (0b00000000);                            //Configura todo el puerto B como salida
2050:  MOVLW  00
2052:  MOVWF  F93
....................    set_tris_a (0b11111111);                            //Configura todo el puerto A como entrada
2054:  MOVLW  FF
2056:  MOVWF  F92
....................     
....................    while (1)                                             //Mientras sea verdadero se ejecuta el siguiente código
....................     {
....................      if (!input (Boton))                                 //Pregunta el estado del boton
2058:  BSF    F92.2
205A:  BTFSC  F80.2
205C:  BRA    207C
....................       {
....................         cont++;                                          //Se incrementa el contador
205E:  INCF   04,F
....................         output_b (cont);                                 //Se asigna el valor de cont al puerto B y se despliega el valor
2060:  CLRF   F93
2062:  MOVFF  04,F8A
....................         Delay_ms (5);                                    //Retardo
2066:  MOVLW  05
2068:  MOVWF  05
206A:  MOVLB  0
206C:  RCALL  2008
....................         while (!input (Boton));                          //Mientras el botón se mantenga igual a cero
206E:  BSF    F92.2
2070:  BTFSS  F80.2
2072:  BRA    206E
....................         Delay_ms (5);                                    //Retardo
2074:  MOVLW  05
2076:  MOVWF  05
2078:  RCALL  2008
207A:  MOVLB  F
....................      }
207C:  BRA    2058
....................    }
.................... }
207E:  SLEEP 

Configuration Fuses:
   Word  1: C823   PLL3X PLLEN NOCPUDIV LS48MHZ INTRC_IO PRIMARY_SW FCMEN IESO
   Word  2: 3C5E   PUT BROWNOUT BORV19 NOLPBOR NOWDT WDT32768
   Word  3: D300   CCP2C1 PBADEN T3CKC0 SDOB3 MCLR
   Word  4: 00A1   STVREN NOLVP ICSP2 NOXINST NODEBUG
   Word  5: C00F   NOPROTECT NOCPB NOCPD
   Word  6: E00F   NOWRT NOWRTC NOWRTB NOWRTD
   Word  7: 400F   NOEBTR NOEBTRB
