
ROM used:   368/32768 (1%)
            372/32768 (1%) including unused fragments

            0.4 Average locations per line
            14.7 Average locations per statement

RAM used:   29/2048 (1%) at main() level
            30/2048 (1%) worst case

Stack used: 1 worst case (0 in main + 1 for interrupts)
Stack size: 31

Lines Stmts  %   Files
----- ----- ---  -----
   78    25 100  Servomotor + Potenciómetro.c
  877     0   0  ..\..\..\..\..\..\..\..\Program Files (x86)\PICC\Devices\18F4550.h
----- -----
  955    25 Total

Page ROM  %  RAM    Vol Diff  Functions:
---- --- --- ---    --- ----  ----------
0     32   4    1             @delay_us1
0     22   3    0     50  1.5  TIMER0_isr
0    144  20    1    477  4.7  MAIN
 Inline         0             @cinit1

Program metrics:
    Functions               2
    Statements              25
    Comments                192
    Volume (V)              592
    Difficulty (D)          6.1
    Effort to implement (E) 3635
    Time to implement (T)   3 minutes
    Est Delivered Bugs (B)  0
    Cyclomatic Complexity   2
    Maintainability (MI)    126

 Segment     Used  Free
-----------  ----  ----
00000-01FFE     0  8192  
02000-02006     4  4  
02008-020AC   166  0  
020AE-07FFE   198  24204  



