
ROM used:   58/32768 (0%)
            62/32768 (0%) including unused fragments

            0.1 Average locations per line
            7.3 Average locations per statement

RAM used:   4/2048 (0%) at main() level
            4/2048 (0%) worst case

Stack used: 0 worst case (0 in main + 0 for interrupts)
Stack size: 31

Lines Stmts  %   Files
----- ----- ---  -----
   46     8 100  Push Button.c
  988     0   0  ..\..\..\..\..\..\..\..\Program Files (x86)\PICC\Devices\18F45K50.h
----- -----
 1034     8 Total

Page ROM  %  RAM    Vol Diff  Functions:
---- --- --- ---    --- ----  ----------
0     54  47    0    125  3.0  main
 Inline         0             @cinit1

Program metrics:
    Functions               1
    Statements              8
    Comments                207
    Volume (V)              127
    Difficulty (D)          2.8
    Effort to implement (E) 350
    Time to implement (T)   0 minutes
    Est Delivered Bugs (B)  0
    Cyclomatic Complexity   1
    Maintainability (MI)    97

 Segment     Used  Free
-----------  ----  ----
00000-01FFE     0  8192  
02000-02006     4  4  
02008-07FFE    54  24514  



