CCS PCH C Compiler, Version 5.105Pd, 1               27-sep.-21 11:48
Compiler operating in Evaluation Mode
To obtain a fully enabled compiler visit www.ccsinfo.com/products

               Filename:   C:\Users\grego\OneDrive\Desktop\CSS_Practicas_OK\Práctica 3 - Corrimiento de bits\Proyecto\PIC18F4550\Corrimiento de bits.lst

               ROM used:   112 bytes (0%)
                           Largest free fragment is 24460
               RAM used:   6 (0%) at main() level
                           7 (0%) worst case
               Stack used: 0 locations
               Stack size: 31

*
2000:  GOTO   2032
.................... /************************************************************************************************
.................... Company:
.................... Microside Technology Inc.
.................... 
.................... File Name:
.................... Corrimiento de bits.c
.................... 
.................... Product Revision  :  1
.................... Device            :  X-TRAINER
.................... Driver Version    :  1.0
.................... ************************************************************************************************/
.................... 
.................... /*
.................... ---------------------------------------------------------------------------
.................... Implementar corrimiento de 8 bits y desplegar el resultado en 8 LEDs
.................... ---------------------------------------------------------------------------
.................... */
.................... 
.................... #include <18F4550.h>                            //Incluye el microcontrolador con el que se va a trabajar 
.................... //////////// Standard Header file for the PIC18F4550 device ////////////////
.................... ///////////////////////////////////////////////////////////////////////////
.................... ////        (C) Copyright 1996, 2020 Custom Computer Services          ////
.................... //// This source code may only be used by licensed users of the CCS C  ////
.................... //// compiler.  This source code may only be distributed to other      ////
.................... //// licensed users of the CCS C compiler.  No other use, reproduction ////
.................... //// or distribution is permitted without written permission.          ////
.................... //// Derivative programs created using this software in object code    ////
.................... //// form are not restricted in any way.                               ////
.................... ///////////////////////////////////////////////////////////////////////////
.................... #device PIC18F4550
.................... 
.................... #list
.................... 
.................... #use delay(clock=48Mhz, crystal)                //Tipo de oscilador y frecuencia dependiendo del microcontrolador 
*
2008:  CLRF   FEA
200A:  MOVLW  06
200C:  MOVWF  FE9
200E:  MOVF   FEF,W
2010:  BZ    202E
2012:  MOVLW  0F
2014:  MOVWF  01
2016:  CLRF   00
2018:  DECFSZ 00,F
201A:  BRA    2018
201C:  DECFSZ 01,F
201E:  BRA    2016
2020:  MOVLW  8F
2022:  MOVWF  00
2024:  DECFSZ 00,F
2026:  BRA    2024
2028:  NOP   
202A:  DECFSZ FEF,F
202C:  BRA    2012
202E:  GOTO   206C (RETURN)
.................... #build(reset=0x02000,interrupt=0x02008)         //Asignación de los vectores de reset e interrupción
.................... #org 0x0000,0x1FFF {}                           //Reserva espacio en la memoria para la versión con bootloader
.................... 
.................... byte MI_REGISTRO;                               //Variable de 8 bits(1 byte)
.................... 
.................... 
.................... void main (void)
2032:  CLRF   FF8
2034:  BCF    FD0.7
2036:  MOVF   FC1,W
2038:  ANDLW  C0
203A:  IORLW  0F
203C:  MOVWF  FC1
203E:  MOVLW  07
2040:  MOVWF  FB4
.................... 
.................... {
....................    set_tris_b (0x00);                           //Configura puerto B como salidas
2042:  MOVLW  00
2044:  MOVWF  F93
....................    MI_REGISTRO = 0x0D;                          //Se inicia cargando los bits deseados
2046:  MOVLW  0D
2048:  MOVWF  04
.................... 
....................    while (true)
....................    {
....................             MI_REGISTRO = ((MI_REGISTRO <<1)|(MI_REGISTRO>>7));        //Inicia corrimiento
204A:  BCF    FD8.0
204C:  RLCF   04,W
204E:  MOVWF  05
2050:  CLRF   00
2052:  BTFSC  04.7
2054:  BSF    00.0
2056:  MOVF   00,W
2058:  IORWF  05,W
205A:  MOVWF  04
....................             output_b (MI_REGISTRO);                                    //Pasa el valor al puerto B
205C:  CLRF   F93
205E:  MOVFF  04,F8A
....................             delay_ms (500);
2062:  MOVLW  02
2064:  MOVWF  05
2066:  MOVLW  FA
2068:  MOVWF  06
206A:  BRA    2008
206C:  DECFSZ 05,F
206E:  BRA    2066
2070:  BRA    204A
....................    } 
.................... }
2072:  SLEEP 

Configuration Fuses:
   Word  1: CC07   PLL12 CPUDIV1 NOUSBDIV HS FCMEN IESO
   Word  2: 1E3E   PUT BROWNOUT BORV21 VREGEN NOWDT WDT32768
   Word  3: 8700   CCP2C1 PBADEN LPT1OSC MCLR
   Word  4: 00A1   STVREN NOLVP ICSP2 NOXINST NODEBUG
   Word  5: C00F   NOPROTECT NOCPB NOCPD
   Word  6: E00F   NOWRT NOWRTC NOWRTB NOWRTD
   Word  7: 400F   NOEBTR NOEBTRB
