
ROM used:   112/32768 (0%)
            116/32768 (0%) including unused fragments

            0.1 Average locations per line
            16.0 Average locations per statement

RAM used:   6/2048 (0%) at main() level
            7/2048 (0%) worst case

Stack used: 0 worst case (0 in main + 0 for interrupts)
Stack size: 31

Lines Stmts  %   Files
----- ----- ---  -----
   40     7 100  Corrimiento de bits.c
  877     0   0  ..\..\..\..\..\..\..\..\Program Files (x86)\PICC\Devices\18F4550.h
----- -----
  917     7 Total

Page ROM  %  RAM    Vol Diff  Functions:
---- --- --- ---    --- ----  ----------
0     42  19    1             @delay_ms1
0     66  29    1    167  3.5  main
 Inline         0             @cinit1

Program metrics:
    Functions               1
    Statements              7
    Comments                193
    Volume (V)              171
    Difficulty (D)          3.2
    Effort to implement (E) 541
    Time to implement (T)   1 minutes
    Est Delivered Bugs (B)  0
    Cyclomatic Complexity   1
    Maintainability (MI)    135

 Segment     Used  Free
-----------  ----  ----
00000-01FFE     0  8192  
02000-02006     4  4  
02008-07FFE   108  24460  



