CCS PCH C Compiler, Version 5.105Pd, 1               27-sep.-21 12:34
Compiler operating in Evaluation Mode
To obtain a fully enabled compiler visit www.ccsinfo.com/products

               Filename:   C:\Users\grego\OneDrive\Desktop\CSS_Practicas_OK\Práctica-8-PIC-BOOT_CCS\Proyecto\PWM1.lst

               ROM used:   250 bytes (1%)
                           Largest free fragment is 24322
               RAM used:   6 (0%) at main() level
                           7 (0%) worst case
               Stack used: 0 locations
               Stack size: 31

*
2000:  GOTO   2030
.................... /************************************************************************************************
.................... Company:
.................... Microside Technology Inc.
.................... 
.................... Product Revision  :  1
.................... Device            :  X-TRAINER
.................... Driver Version    :  1.0
.................... ************************************************************************************************/
.................... /**************************************************************************
.................... Esta practica consiste en realizar un control PWM
.................... para regular la luminosidad de un led
.................... **************************************************************************/
.................... 
.................... #include <18F45K50.h>                    //Para PIC18F4550 cambiar por: #include <18F4550.h>
.................... //////////// Standard Header file for the PIC18F45K50 device ////////////////
.................... ///////////////////////////////////////////////////////////////////////////
.................... ////        (C) Copyright 1996, 2020 Custom Computer Services          ////
.................... //// This source code may only be used by licensed users of the CCS C  ////
.................... //// compiler.  This source code may only be distributed to other      ////
.................... //// licensed users of the CCS C compiler.  No other use, reproduction ////
.................... //// or distribution is permitted without written permission.          ////
.................... //// Derivative programs created using this software in object code    ////
.................... //// form are not restricted in any way.                               ////
.................... ///////////////////////////////////////////////////////////////////////////
.................... #device PIC18F45K50
.................... 
.................... #list
.................... 
.................... #use delay(internal=48MHz)              //Tipo de oscilador y frecuencia dependiendo del microcontrolador 
*
2008:  CLRF   FEA
200A:  MOVLW  06
200C:  MOVWF  FE9
200E:  MOVF   FEF,W
2010:  BZ    202E
2012:  MOVLW  0F
2014:  MOVWF  01
2016:  CLRF   00
2018:  DECFSZ 00,F
201A:  BRA    2018
201C:  DECFSZ 01,F
201E:  BRA    2016
2020:  MOVLW  8F
2022:  MOVWF  00
2024:  DECFSZ 00,F
2026:  BRA    2024
2028:  NOP   
202A:  DECFSZ FEF,F
202C:  BRA    2012
202E:  RETURN 0
.................... #build(reset=0x02000,interrupt=0x02008)//Asigna los vectores de reset e interrupción para la versión con bootloader
.................... #org 0x0000,0x1FFF {}                 //Reserva espacio en memoria para el bootloader
.................... 
.................... unsigned int16 Duty=0;         //Variable para guardar el valor para PWM
.................... 
.................... void main()
2030:  CLRF   FF8
2032:  BCF    FD0.7
2034:  MOVLW  70
2036:  MOVWF  FD3
2038:  CLRF   FD2
203A:  CLRF   F9B
203C:  CLRF   05
203E:  CLRF   04
2040:  MOVLB  F
2042:  CLRF   x5B
2044:  CLRF   x5C
2046:  CLRF   x5D
2048:  CLRF   x5E
204A:  CLRF   x5F
204C:  CLRF   F9A
204E:  CLRF   F99
2050:  CLRF   F98
.................... {
....................    setup_timer_2 (T2_DIV_BY_16, 254, 1); //Configura Timer2, periodo ajustado a 342uS
2052:  MOVLW  00
2054:  IORLW  06
2056:  MOVWF  FBA
2058:  MOVLW  FE
205A:  MOVWF  FBB
....................    setup_ccp1 (CCP_PWM|CCP_SHUTDOWN_AC_L|CCP_SHUTDOWN_BD_L); //Configura el módulo CCP para uso del PWM
205C:  BCF    F94.2
205E:  BCF    F8B.2
2060:  MOVLW  0C
2062:  MOVWF  FBD
2064:  CLRF   FB7
2066:  CLRF   FB6
2068:  MOVLW  01
206A:  MOVWF  FB9
206C:  BCF    x59.0
.................... 
....................    while (TRUE)
....................    {
....................       
....................       for (Duty = 0; Duty < 255; Duty++)
206E:  CLRF   05
2070:  CLRF   04
2072:  MOVF   05,F
2074:  BNZ   20B4
2076:  MOVF   04,W
2078:  SUBLW  FE
207A:  BNC   20B4
....................       {
....................          set_pwm1_duty (Duty); //Asigna el valor del Duty al PWM
207C:  MOVFF  05,02
2080:  MOVFF  04,01
2084:  RRCF   02,F
2086:  RRCF   01,F
2088:  RRCF   02,F
208A:  RRCF   01,F
208C:  RRCF   02,F
208E:  MOVFF  01,FBE
2092:  RRCF   02,F
2094:  RRCF   02,W
2096:  ANDLW  30
2098:  MOVWF  00
209A:  MOVF   FBD,W
209C:  ANDLW  CF
209E:  IORWF  00,W
20A0:  MOVWF  FBD
....................          delay_ms (5); //Retardo de 5ms
20A2:  MOVLW  05
20A4:  MOVWF  06
20A6:  MOVLB  0
20A8:  RCALL  2008
20AA:  INCF   04,F
20AC:  BTFSC  FD8.2
20AE:  INCF   05,F
20B0:  MOVLB  F
20B2:  BRA    2072
....................       }
.................... 
....................       
....................       for (Duty = 255; Duty > 0; Duty--) // Ciclo para disminuir el valor de la variable
20B4:  CLRF   05
20B6:  SETF   04
20B8:  MOVF   04,F
20BA:  BNZ   20C0
20BC:  MOVF   05,F
20BE:  BZ    20FA
....................       {
....................          set_pwm1_duty (Duty); //Asigna el valor del Duty al PWM
20C0:  MOVFF  05,02
20C4:  MOVFF  04,01
20C8:  RRCF   02,F
20CA:  RRCF   01,F
20CC:  RRCF   02,F
20CE:  RRCF   01,F
20D0:  RRCF   02,F
20D2:  MOVFF  01,FBE
20D6:  RRCF   02,F
20D8:  RRCF   02,W
20DA:  ANDLW  30
20DC:  MOVWF  00
20DE:  MOVF   FBD,W
20E0:  ANDLW  CF
20E2:  IORWF  00,W
20E4:  MOVWF  FBD
....................          delay_ms (5); // Retardo de 5ms
20E6:  MOVLW  05
20E8:  MOVWF  06
20EA:  MOVLB  0
20EC:  RCALL  2008
20EE:  MOVF   04,W
20F0:  BTFSC  FD8.2
20F2:  DECF   05,F
20F4:  DECF   04,F
20F6:  MOVLB  F
20F8:  BRA    20B8
....................       }
20FA:  BRA    206E
....................    }
.................... }
.................... 
20FC:  SLEEP 

Configuration Fuses:
   Word  1: C823   PLL3X PLLEN NOCPUDIV LS48MHZ INTRC_IO PRIMARY_SW FCMEN IESO
   Word  2: 3C5E   PUT BROWNOUT BORV19 NOLPBOR NOWDT WDT32768
   Word  3: D300   CCP2C1 PBADEN T3CKC0 SDOB3 MCLR
   Word  4: 00A1   STVREN NOLVP ICSP2 NOXINST NODEBUG
   Word  5: C00F   NOPROTECT NOCPB NOCPD
   Word  6: E00F   NOWRT NOWRTC NOWRTB NOWRTD
   Word  7: 400F   NOEBTR NOEBTRB
