
ROM used:   88/32768 (0%)
            92/32768 (0%) including unused fragments

            0.1 Average locations per line
            7.3 Average locations per statement

RAM used:   5/2048 (0%) at main() level
            5/2048 (0%) worst case

Stack used: 0 worst case (0 in main + 0 for interrupts)
Stack size: 31

Lines Stmts  %   Files
----- ----- ---  -----
   56    12 100  ADC Set Point.c
  877     0   0  ..\..\..\..\..\..\..\..\Program Files (x86)\PICC\Devices\18F4550.h
----- -----
  933    12 Total

Page ROM  %  RAM    Vol Diff  Functions:
---- --- --- ---    --- ----  ----------
0     84  48    0    204  3.6  main
 Inline         0             @cinit1

Program metrics:
    Functions               1
    Statements              12
    Comments                193
    Volume (V)              207
    Difficulty (D)          3.4
    Effort to implement (E) 703
    Time to implement (T)   1 minutes
    Est Delivered Bugs (B)  0
    Cyclomatic Complexity   1
    Maintainability (MI)    125

 Segment     Used  Free
-----------  ----  ----
00000-01FFE     0  8192  
02000-02006     4  4  
02008-07FFE    84  24484  



