
ROM used:   396/32768 (1%)
            400/32768 (1%) including unused fragments

            0.4 Average locations per line
            16.5 Average locations per statement

RAM used:   29/2048 (1%) at main() level
            30/2048 (1%) worst case

Stack used: 1 worst case (0 in main + 1 for interrupts)
Stack size: 31

Lines Stmts  %   Files
----- ----- ---  -----
   73    24 100  Servomotor + Potenciómetro.c
  988     0   0  ..\..\..\..\..\..\..\..\Program Files (x86)\PICC\Devices\18F45K50.h
----- -----
 1061    24 Total

Page ROM  %  RAM    Vol Diff  Functions:
---- --- --- ---    --- ----  ----------
0     32   4    1             @delay_us1
0     22   3    0     50  1.5  TIMER0_isr
0    172  22    1    450  4.7  MAIN
 Inline         0             @cinit1

Program metrics:
    Functions               2
    Statements              24
    Comments                202
    Volume (V)              563
    Difficulty (D)          6.1
    Effort to implement (E) 3440
    Time to implement (T)   3 minutes
    Est Delivered Bugs (B)  0
    Cyclomatic Complexity   2
    Maintainability (MI)    108

 Segment     Used  Free
-----------  ----  ----
00000-01FFE     0  8192  
02000-02006     4  4  
02008-020AC   166  0  
020AE-07FFE   226  24176  



