
ROM used:   1620/32768 (5%)
            1624/32768 (5%) including unused fragments

            1.4 Average locations per line
            19.8 Average locations per statement

RAM used:   8/2048 (0%) at main() level
            34/2048 (2%) worst case

Stack used: 3 worst case (3 in main + 0 for interrupts)
Stack size: 31

Lines Stmts  %   Files
----- ----- ---  -----
   69    13  16  Sensor de temperatura LM35.c
  877     0   0  ..\..\..\..\..\..\..\..\Program Files (x86)\PICC\Devices\18F4550.h
  239    69  84  flex_lcd.h
----- -----
 1185    82 Total

Page ROM  %  RAM    Vol Diff  Functions:
---- --- --- ---    --- ----  ----------
0     40   1    1             @delay_ms1
0     20   1    0             @const733
0     70   2    1    328  2.7  lcd_send_nibble
0     50   2    1    362  2.3  lcd_read_nibble
0     36   1    3    165  3.3  lcd_read_byte
0     66   2    3    319  4.1  lcd_send_byte
0     78   2    2    384  4.4  lcd_init
0     36   1    4    186  5.5  lcd_gotoxy
0     66   2    1    275  3.9  lcd_putc
0    218   7    0    297  3.0  MAIN
0     56   2    2             @ITOF
0    242   7   11             @MULFF
0     22   1    0             @const773
0     32   1    3             @PSTRINGCN_755
0     64   2    5             @FTOSD
0    142   4   13             @DIV3232
0    378  12   13             @PRINTF_L32D_755FPFPF
 Inline         0             @cinit1

Program metrics:
    Functions               8
    Statements              82
    Comments                264
    Volume (V)              3666
    Difficulty (D)          27.6
    Effort to implement (E) 101262
    Time to implement (T)   1 hours, 34 minutes
    Est Delivered Bugs (B)  1
    Cyclomatic Complexity   8
    Maintainability (MI)    126

 Segment     Used  Free
-----------  ----  ----
00000-01FFE     0  8192  
02000-02006     4  4  
02008-07FFE  1616  22952  



