
ROM used:   104/32768 (0%)
            108/32768 (0%) including unused fragments

            0.1 Average locations per line
            14.9 Average locations per statement

RAM used:   5/2048 (0%) at main() level
            6/2048 (0%) worst case

Stack used: 0 worst case (0 in main + 0 for interrupts)
Stack size: 31

Lines Stmts  %   Files
----- ----- ---  -----
   43     7 100  Blink led.c
  877     0   0  ..\..\..\..\..\..\..\..\Program Files (x86)\PICC\Devices\18F4550.h
----- -----
  920     7 Total

Page ROM  %  RAM    Vol Diff  Functions:
---- --- --- ---    --- ----  ----------
0     40  19    1             @delay_ms1
0     60  29    1    113  1.7  main
 Inline         0    106  1.7  @cinit1

Program metrics:
    Functions               2
    Statements              7
    Comments                195
    Volume (V)              274
    Difficulty (D)          3.3
    Effort to implement (E) 900
    Time to implement (T)   1 minutes
    Est Delivered Bugs (B)  0
    Cyclomatic Complexity   1
    Maintainability (MI)    145

 Segment     Used  Free
-----------  ----  ----
00000-01FFE     0  8192  
02000-02006     4  4  
02008-07FFE   100  24468  



