
ROM used:   104/32768 (0%)
            108/32768 (0%) including unused fragments

            0.1 Average locations per line
            6.9 Average locations per statement

RAM used:   5/2048 (0%) at main() level
            5/2048 (0%) worst case

Stack used: 0 worst case (0 in main + 0 for interrupts)
Stack size: 31

Lines Stmts  %   Files
----- ----- ---  -----
   58    15 100  Comunicación Serial.c
  877     0   0  ..\..\..\..\..\..\..\..\Program Files (x86)\PICC\Devices\18F4550.h
----- -----
  935    15 Total

Page ROM  %  RAM    Vol Diff  Functions:
---- --- --- ---    --- ----  ----------
0    100  48    1    290  3.5  main
 Inline         0             @cinit1

Program metrics:
    Functions               1
    Statements              15
    Comments                192
    Volume (V)              293
    Difficulty (D)          3.4
    Effort to implement (E) 983
    Time to implement (T)   1 minutes
    Est Delivered Bugs (B)  0
    Cyclomatic Complexity   4
    Maintainability (MI)    122

 Segment     Used  Free
-----------  ----  ----
00000-01FFE     0  8192  
02000-02006     4  4  
02008-07FFE   100  24468  



