CCS PCH C Compiler, Version 5.105Pd, 1               15-oct.-21 17:31
Compiler operating in Evaluation Mode
To obtain a fully enabled compiler visit www.ccsinfo.com/products

               Filename:   C:\Users\grego\OneDrive\Desktop\CSS_Practicas_OK\Práctica 22 - UART\Proyecto\PIC18F4550\Comunicación Serial.lst

               ROM used:   104 bytes (0%)
                           Largest free fragment is 24468
               RAM used:   5 (0%) at main() level
                           5 (0%) worst case
               Stack used: 0 locations
               Stack size: 31

*
2000:  GOTO   2008
.................... /************************************************************************************************
.................... Company:
.................... Microside Technology Inc.
.................... 
.................... Product Revision  :  1
.................... Device            :  X-TRAINER
.................... Driver Version    :  1.0
.................... ************************************************************************************************/
.................... /*
.................... ------------------------------------------------------------------------------
....................  Implementar comunicación serial para enviar un comando simple para prender y
....................  apagar un LED incluido en la tarjeta X-TRAINER, y un segundo comando para
....................  preguntar el estado de un botón.
.................... ------------------------------------------------------------------------------
.................... */
.................... 
.................... #include <18F4550.h>                            //Incluye el microcontrolador con el que se va a trabajar 
.................... //////////// Standard Header file for the PIC18F4550 device ////////////////
.................... ///////////////////////////////////////////////////////////////////////////
.................... ////        (C) Copyright 1996, 2020 Custom Computer Services          ////
.................... //// This source code may only be used by licensed users of the CCS C  ////
.................... //// compiler.  This source code may only be distributed to other      ////
.................... //// licensed users of the CCS C compiler.  No other use, reproduction ////
.................... //// or distribution is permitted without written permission.          ////
.................... //// Derivative programs created using this software in object code    ////
.................... //// form are not restricted in any way.                               ////
.................... ///////////////////////////////////////////////////////////////////////////
.................... #device PIC18F4550
.................... 
.................... #list
.................... 
.................... #use delay(clock=48Mhz, crystal)                //Tipo de oscilador y frecuencia dependiendo del microcontrolador 
.................... #build(reset=0x02000,interrupt=0x02008)         //Asignación de los vectores de reset e interrupción
.................... #org 0x0000,0x1FFF {}                           //Reserva espacio en la memoria para la versión con bootloader
.................... 
.................... #use rs232(baud=9600, xmit=PIN_C6, rcv=PIN_C7,STREAM=UART ) //Configuración del puerto UART
.................... 
.................... #define LED PIN_A4                                              //Pin donde está conectado el LED del X-TRAINER
.................... #define Boton PIN_A2                                            //Pin donde está conectado el BOTON del X-TRAINER
.................... 
.................... void main ()
*
2008:  CLRF   FF8
200A:  BCF    FD0.7
200C:  BSF    FB8.3
200E:  MOVLW  E1
2010:  MOVWF  FAF
2012:  MOVLW  04
2014:  MOVWF  FB0
2016:  MOVLW  A6
2018:  MOVWF  FAC
201A:  MOVLW  90
201C:  MOVWF  FAB
201E:  MOVF   FC1,W
2020:  ANDLW  C0
2022:  IORLW  0F
2024:  MOVWF  FC1
2026:  MOVLW  07
2028:  MOVWF  FB4
.................... 
....................   {
....................    while (1)
....................   {
.................... 
....................    char Caracter = getc ();                         //Guarda el caracter
202A:  BTFSS  F9E.5
202C:  BRA    202A
202E:  MOVFF  FAE,05
....................    if (Caracter == '0')
2032:  MOVF   05,W
2034:  SUBLW  30
2036:  BNZ   203E
....................     {
....................       output_low (LED);                             //Apaga el LED
2038:  BCF    F92.4
203A:  BCF    F89.4
....................     }
203C:  BRA    2068
....................     
....................      else if (Caracter == '1')
203E:  MOVF   05,W
2040:  SUBLW  31
2042:  BNZ   204A
....................     {
....................      output_HIGH (LED);                             //Enciende el LED
2044:  BCF    F92.4
2046:  BSF    F89.4
....................     }
2048:  BRA    2068
....................     
....................      else if (Caracter == '?')
204A:  MOVF   05,W
204C:  SUBLW  3F
204E:  BNZ   2068
....................     {
....................         if (1 == input (Boton))                     //Pregunta el estado del botón
2050:  BSF    F92.2
2052:  BTFSS  F80.2
2054:  BRA    2060
....................           {                                                                   
....................             Printf ("0");                           //Envía un 0 si el botón no está presionado
2056:  MOVLW  30
2058:  BTFSS  F9E.4
205A:  BRA    2058
205C:  MOVWF  FAD
....................           }
205E:  BRA    2068
....................           
....................           else
....................          {
....................            Printf ("1");                            //Envía un 1 si el botón está presionado
2060:  MOVLW  31
2062:  BTFSS  F9E.4
2064:  BRA    2062
2066:  MOVWF  FAD
....................          }
....................       }
2068:  BRA    202A
....................    }
.................... }
206A:  SLEEP 

Configuration Fuses:
   Word  1: CC07   PLL12 CPUDIV1 NOUSBDIV HS FCMEN IESO
   Word  2: 1E3E   PUT BROWNOUT BORV21 VREGEN NOWDT WDT32768
   Word  3: 8700   CCP2C1 PBADEN LPT1OSC MCLR
   Word  4: 00A1   STVREN NOLVP ICSP2 NOXINST NODEBUG
   Word  5: C00F   NOPROTECT NOCPB NOCPD
   Word  6: E00F   NOWRT NOWRTC NOWRTB NOWRTD
   Word  7: 400F   NOEBTR NOEBTRB
