
ROM used:   432/32768 (1%)
            436/32768 (1%) including unused fragments

            0.5 Average locations per line
            12.0 Average locations per statement

RAM used:   30/2048 (1%) at main() level
            31/2048 (2%) worst case

Stack used: 1 worst case (0 in main + 1 for interrupts)
Stack size: 31

Lines Stmts  %   Files
----- ----- ---  -----
   78    36 100  Servomotor.c
  877     0   0  ..\..\..\..\..\..\..\..\Program Files (x86)\PICC\Devices\18F4550.h
----- -----
  955    36 Total

Page ROM  %  RAM    Vol Diff  Functions:
---- --- --- ---    --- ----  ----------
0     40   5    1             @delay_ms1
0     32   4    1             @delay_us1
0     22   3    0     50  1.5  TIMER0_isr
0    168  19    1    822  5.3  MAIN
 Inline         0             @cinit1

Program metrics:
    Functions               2
    Statements              36
    Comments                188
    Volume (V)              950
    Difficulty (D)          6.7
    Effort to implement (E) 6391
    Time to implement (T)   6 minutes
    Est Delivered Bugs (B)  0
    Cyclomatic Complexity   6
    Maintainability (MI)    123

 Segment     Used  Free
-----------  ----  ----
00000-01FFE     0  8192  
02000-02006     4  4  
02008-020AC   166  0  
020AE-07FFE   262  24140  



