
ROM used:   2238/32768 (7%)
            2242/32768 (7%) including unused fragments

            1.7 Average locations per line
            19.8 Average locations per statement

RAM used:   9/2048 (0%) at main() level
            35/2048 (2%) worst case

Stack used: 3 worst case (3 in main + 0 for interrupts)
Stack size: 31

Lines Stmts  %   Files
----- ----- ---  -----
   67     8   7  Sensor de temperatura DS18B20.c
  877     0   0  ..\..\..\..\..\..\..\..\Program Files (x86)\PICC\Devices\18F4550.h
   93    22  19  1wire.c
   27    14  12  ds1820.c
  239    69  61  flex_lcd.h
----- -----
 1303   113 Total

Page ROM  %  RAM    Vol Diff  Functions:
---- --- --- ---    --- ----  ----------
0     40   1    1             @delay_ms1
0     32   1    1             @delay_us1
0     38   1    1     86  1.3  onewire_reset
0     64   1    2    272  4.3  onewire_write
0     64   1    2    284  4.6  onewire_read
0    158   4   13    481  4.0  ds1820_read
0     74   2    2             @SITOF
0    348   8   14             @DIVFF
0     20   0    0             @const751
0     70   2    1    328  2.7  lcd_send_nibble
0     50   1    1    362  2.3  lcd_read_nibble
0     36   1    3    165  3.3  lcd_read_byte
0     66   1    3    319  4.1  lcd_send_byte
0     78   2    2    384  4.4  lcd_init
0     36   1    4    186  5.5  lcd_gotoxy
0     66   1    1    275  3.9  lcd_putc
0    112   3    1    160  2.5  MAIN
0     22   0    0             @const786
0     32   1    3             @PSTRINGCN_773
0    244   5   11             @MULFF
0     64   1    5             @FTOSD
0    142   3   13             @DIV3232
0    378   8   13             @PRINTF_L32D_773FPFPF
 Inline         0             @cinit1

Program metrics:
    Functions               12
    Statements              113
    Comments                357
    Volume (V)              5573
    Difficulty (D)          40.9
    Effort to implement (E) 227996
    Time to implement (T)   3 hours, 31 minutes
    Est Delivered Bugs (B)  1
    Cyclomatic Complexity   10
    Maintainability (MI)    144

 Segment     Used  Free
-----------  ----  ----
00000-01FFE     0  8192  
02000-02006     4  4  
02008-07FFE  2234  22334  



