
ROM used:   106/32768 (0%)
            110/32768 (0%) including unused fragments

            0.1 Average locations per line
            8.8 Average locations per statement

RAM used:   5/2048 (0%) at main() level
            6/2048 (0%) worst case

Stack used: 0 worst case (0 in main + 0 for interrupts)
Stack size: 31

Lines Stmts  %   Files
----- ----- ---  -----
   50    12 100  Contador binario.c
  877     0   0  ..\..\..\..\..\..\..\..\..\Program Files (x86)\PICC\Devices\18F4550.h
----- -----
  927    12 Total

Page ROM  %  RAM    Vol Diff  Functions:
---- --- --- ---    --- ----  ----------
0     40  19    1             @delay_ms1
0     62  29    0    207  3.1  main
 Inline         0             @cinit1

Program metrics:
    Functions               1
    Statements              12
    Comments                199
    Volume (V)              212
    Difficulty (D)          2.8
    Effort to implement (E) 599
    Time to implement (T)   1 minutes
    Est Delivered Bugs (B)  0
    Cyclomatic Complexity   1
    Maintainability (MI)    110

 Segment     Used  Free
-----------  ----  ----
00000-01FFE     0  8192  
02000-02006     4  4  
02008-07FFE   102  24466  



