
ROM used:   210/32768 (1%)
            214/32768 (1%) including unused fragments

            0.2 Average locations per line
            6.2 Average locations per statement

RAM used:   5/2048 (0%) at main() level
            5/2048 (0%) worst case

Stack used: 0 worst case (0 in main + 0 for interrupts)
Stack size: 31

Lines Stmts  %   Files
----- ----- ---  -----
   92    34 100  ADC.c
  988     0   0  ..\..\..\..\..\..\..\..\..\Program Files (x86)\PICC\Devices\18F45K50.h
----- -----
 1080    34 Total

Page ROM  %  RAM    Vol Diff  Functions:
---- --- --- ---    --- ----  ----------
0    206  49    0    729  3.8  main
 Inline         0             @cinit1

Program metrics:
    Functions               1
    Statements              34
    Comments                220
    Volume (V)              732
    Difficulty (D)          3.8
    Effort to implement (E) 2753
    Time to implement (T)   3 minutes
    Est Delivered Bugs (B)  0
    Cyclomatic Complexity   9
    Maintainability (MI)    36

 Segment     Used  Free
-----------  ----  ----
00000-01FFE     0  8192  
02000-02006     4  4  
02008-07FFE   206  24362  



