
ROM used:   4574/32768 (14%)
            4578/32768 (14%) including unused fragments

            0.6 Average locations per line
            4.5 Average locations per statement

RAM used:   415/2048 (20%) at main() level
            461/2048 (23%) worst case

Stack used: 14 worst case (7 in main + 7 for interrupts)
Stack size: 31

Lines Stmts  %   Files
----- ----- ---  -----
   75    26   3  USB CDC.c
  988     0   0  ..\..\..\..\..\..\..\..\Program Files (x86)\PICC\Devices\18F45K50.h
  878   138  14  ..\..\..\..\..\..\..\..\Program Files (x86)\PICC\Drivers\usb_cdc.h
  228     0   0  ..\..\..\..\..\..\..\..\Program Files (x86)\PICC\Drivers\pic18_usb.h
  328     0   0  ..\..\..\..\..\..\..\..\Program Files (x86)\PICC\Drivers\usb_hw_layer.h
  300     0   0  ..\..\..\..\..\..\..\..\Program Files (x86)\PICC\Drivers\usb_desc_cdc.h
   39     0   0  ..\..\..\..\..\..\..\..\Program Files (x86)\PICC\Drivers\stdbool.h
 1105     0   0  ..\..\..\..\..\..\..\..\Program Files (x86)\PICC\Drivers\usb.h
 1193   234  23  ..\..\..\..\..\..\..\..\Program Files (x86)\PICC\Drivers\usb.c
  195     0   0  ..\..\..\..\..\..\..\..\Program Files (x86)\PICC\Drivers\stdint.h
 1518   303  30  ..\..\..\..\..\..\..\..\Program Files (x86)\PICC\Drivers\pic18_usb.c
  435   170  17  ..\..\..\..\..\..\..\..\Program Files (x86)\PICC\Drivers\string.h
   32    41   4  ..\..\..\..\..\..\..\..\Program Files (x86)\PICC\Drivers\stddef.h
   28   109  11  ..\..\..\..\..\..\..\..\Program Files (x86)\PICC\Drivers\ctype.h
----- -----
 7342  1021 Total

Page ROM  %  RAM    Vol Diff  Functions:
---- --- --- ---    --- ----  ----------
0     32   0    0             @const858
0     32   0    0             @const861
0     48   1    0             @const864
0     48   1    0             @const867
0     84   1    0             @const870
0     18   0    0             @const873
0     24   0    0             @const876
0     34   0    0             @const881
0     60   1    0             @const884
0     30   0    5             @MUL1616
0     78   1    4    139  4.3  usb_tbe
0     32   0    0    134  2.7  usb_detach
0     46   1    0    236  2.3  usb_attach
0      6   0    0     16  1.0  usb_init_cs
0     34   0    1    375  5.2  usb_task
0     14   0    0     61  2.5  usb_init
0    304   3   10    976  5.9  usb_flush_in
0    150   2   10    344  6.1  usb_put_packet
0    228   2    9    914  5.0  usb_flush_out
0     56   1    3     66  2.7  usb_rx_packet_size
0     90   1    6    264  4.6  usb_stall_ep
0    110   1    6    329  4.7  usb_unstall_ep
0    106   1    5    373  6.0  usb_endpoint_stalled
0     22   0    1     94  2.7  usb_set_address
0    422   5   12   1785 11.3  usb_set_configured
0     96   1    5    199  3.2  usb_disable_endpoint
0     22   0    1     99  3.0  usb_disable_endpoints
0      4   0    0     61  4.0  usb_clear_trn
0    114   1    2    656  6.8  usb_isr
0      6   0    0     39  2.0  usb_isr_sof
0     48   1    0    450  4.3  usb_isr_rst
0     42   0    2    458  4.4  usb_init_ep0_setup
0      8   0    0     74  2.8  usb_isr_uerr
0     10   0    0     88  2.5  usb_isr_uidle
0     18   0    0    149  3.5  usb_isr_activity
0     14   0    0    151  3.9  usb_isr_stall
0      6   0    1     30  1.7  usb_request_send_response
0      6   0    0     22  1.2  usb_request_get_data
0      4   0    0     22  1.2  usb_request_stall
0    202   2    3   3308  9.3  usb_isr_tok_dne
0      8   0    0     29  1.9  usb_enumerated
0     44   0    3    273  4.0  usb_token_reset
0     66   1    3    305  7.1  usb_endpoint_is_valid
0     34   0    1    212  3.1  usb_isr_tok_in_dne
0     18   0    1    115  2.5  usb_isr_tok_out_dne
0     50   1    0    375  6.4  usb_isr_tok_setup_dne
0    170   2    0   1454  8.3  usb_isr_tkn_setup_StandardDevice
0    140   2    3    933  7.7  usb_isr_tkn_setup_StandardInterface
0     94   1    0    753  5.8  usb_isr_tkn_setup_StandardEndpoint
0    180   2    1   1248 10.7  usb_Get_Descriptor
0     14   0    0     76  1.8  usb_finish_set_address
0    120   1    4    624  8.9  usb_copy_desc_seg_to_ep
0     64   1    0    302  6.2  usb_isr_tok_out_cdc_control_dne
0    144   2    2   1200  8.6  usb_isr_tkn_cdc
0     24   0    0    174  3.6  usb_isr_tok_out_cdc_data_dne
0      6   0    0     81  0.9  usb_isr_tok_in_cdc_data_dne
0     34   0    0    106  2.9  usb_cdc_flush_tx_buffer
0     60   1    4    280  2.3  usb_cdc_init
0     12   0    0     59  2.3  usb_cdc_get_discard
0     54   1    2    232  5.4  usb_cdc_getc
0     48   1    4    228  4.8  _usb_cdc_putc_fast_noflush
0     24   0    1     52  2.0  usb_cdc_putc_fast
0     54   1    1    125  3.7  usb_cdc_putc
0    172   2    1    601  5.1  MAIN
0     14   0    0             @const1227
0     32   0    2             @PSTRINGC_749
0     16   0    0             @const1232
 Inline         0             @cinit1

Program metrics:
    Functions               54
    Statements              1021
    Comments                6903
    Volume (V)              40604
    Difficulty (D)          241.0
    Effort to implement (E) 9783985
    Time to implement (T)   150 hours, 59 minutes
    Est Delivered Bugs (B)  15
    Cyclomatic Complexity   128
    Maintainability (MI)    40

 Segment     Used  Free
-----------  ----  ----
00000-01FFE     0  8192  
02000-02006     4  4  
02008-020AC   166  0  
020AE-07FFE  4404  19998  



