CCS PCH C Compiler, Version 5.105Pd, 1               15-oct.-21 16:19
Compiler operating in Evaluation Mode
To obtain a fully enabled compiler visit www.ccsinfo.com/products

               Filename:   C:\Users\grego\OneDrive\Desktop\CSS_Practicas_OK\Práctica 1 - Blink LED\Proyecto\PIC18F45K50\Blink LED.lst

               ROM used:   128 bytes (0%)
                           Largest free fragment is 24444
               RAM used:   5 (0%) at main() level
                           6 (0%) worst case
               Stack used: 0 locations
               Stack size: 31

*
2000:  GOTO   2030
.................... /************************************************************************************************
.................... Company:
.................... Microside Technology Inc.
.................... 
.................... File Name:
.................... Blink_LED.mcppi
.................... 
.................... Product Revision  :  1
.................... Device            :  X-TRAINER
.................... Driver Version    :  1.0
.................... ************************************************************************************************/
.................... 
.................... #include <18F45K50.h>                           //Incluye el microcontrolador con el que se va a trabajar 
.................... //////////// Standard Header file for the PIC18F45K50 device ////////////////
.................... ///////////////////////////////////////////////////////////////////////////
.................... ////        (C) Copyright 1996, 2020 Custom Computer Services          ////
.................... //// This source code may only be used by licensed users of the CCS C  ////
.................... //// compiler.  This source code may only be distributed to other      ////
.................... //// licensed users of the CCS C compiler.  No other use, reproduction ////
.................... //// or distribution is permitted without written permission.          ////
.................... //// Derivative programs created using this software in object code    ////
.................... //// form are not restricted in any way.                               ////
.................... ///////////////////////////////////////////////////////////////////////////
.................... #device PIC18F45K50
.................... 
.................... #list
.................... 
.................... #use delay(internal=48Mhz)                      //Tipo de oscilador y frecuencia dependiendo del microcontrolador 
*
2008:  CLRF   FEA
200A:  MOVLW  06
200C:  MOVWF  FE9
200E:  MOVF   FEF,W
2010:  BZ    202E
2012:  MOVLW  0F
2014:  MOVWF  01
2016:  CLRF   00
2018:  DECFSZ 00,F
201A:  BRA    2018
201C:  DECFSZ 01,F
201E:  BRA    2016
2020:  MOVLW  8F
2022:  MOVWF  00
2024:  DECFSZ 00,F
2026:  BRA    2024
2028:  NOP   
202A:  DECFSZ FEF,F
202C:  BRA    2012
202E:  RETURN 0
.................... #build(reset=0x02000,interrupt=0x02008)         //Asignación de los vectores de reset e interrupción
.................... #org 0x0000,0x1FFF {}                           //Reserva espacio en la memoria para la versión con bootloader
.................... #define LED PIN_A4                              //Pin donde está conectado el LED de X-TRAINER
.................... 
.................... void main(void)
2030:  CLRF   FF8
2032:  BCF    FD0.7
2034:  MOVLW  70
2036:  MOVWF  FD3
2038:  CLRF   FD2
203A:  CLRF   F9B
203C:  MOVLB  F
203E:  CLRF   x5B
2040:  CLRF   x5C
2042:  CLRF   x5D
2044:  CLRF   x5E
2046:  CLRF   x5F
2048:  CLRF   F9A
204A:  CLRF   F99
204C:  CLRF   F98
.................... {
....................      set_tris_a(0XFD);                          //Pin RA4 como salida
204E:  MOVLW  FD
2050:  MOVWF  F92
.................... 
....................      while(1)
....................            {
....................                   output_HIGH (LED);             //Cambio de estado en el pin RA4
2052:  BCF    F92.4
2054:  BSF    F89.4
....................                   delay_ms (500);                //Retardo 
2056:  MOVLW  02
2058:  MOVWF  05
205A:  MOVLW  FA
205C:  MOVWF  06
205E:  MOVLB  0
2060:  RCALL  2008
2062:  DECFSZ 05,F
2064:  BRA    2068
2066:  BRA    206C
2068:  MOVLB  F
206A:  BRA    205A
....................                   output_LOW (LED);              //Cambio de estado en el pin RA4
206C:  BCF    F92.4
206E:  BCF    F89.4
....................                   delay_ms (500) ;               //Retardo
2070:  MOVLW  02
2072:  MOVWF  05
2074:  MOVLW  FA
2076:  MOVWF  06
2078:  RCALL  2008
207A:  DECFSZ 05,F
207C:  BRA    2074
207E:  MOVLB  F
2080:  BRA    2052
....................            }
.................... }
2082:  SLEEP 

Configuration Fuses:
   Word  1: C823   PLL3X PLLEN NOCPUDIV LS48MHZ INTRC_IO PRIMARY_SW FCMEN IESO
   Word  2: 3C5E   PUT BROWNOUT BORV19 NOLPBOR NOWDT WDT32768
   Word  3: D300   CCP2C1 PBADEN T3CKC0 SDOB3 MCLR
   Word  4: 00A1   STVREN NOLVP ICSP2 NOXINST NODEBUG
   Word  5: C00F   NOPROTECT NOCPB NOCPD
   Word  6: E00F   NOWRT NOWRTC NOWRTB NOWRTD
   Word  7: 400F   NOEBTR NOEBTRB
